2026-07-12 20:10:15 [::1][-][-][error][yii\web\HttpException:404] yii\web\NotFoundHttpException: Page not found. in C:\laragon\www\project\coaching-saas\vendor\yiisoft\yii2\web\Request.php:329
Stack trace:
#0 C:\laragon\www\project\coaching-saas\vendor\yiisoft\yii2\web\Application.php(84): yii\web\Request->resolve()
#1 C:\laragon\www\project\coaching-saas\vendor\yiisoft\yii2\base\Application.php(382): yii\web\Application->handleRequest(Object(yii\web\Request))
#2 C:\laragon\www\project\coaching-saas\api\web\index.php(18): yii\base\Application->run()
#3 {main}
2026-07-12 20:10:15 [::1][-][-][info][application] $_GET = [
    'r' => 'site/index'
]

$_POST = []

$_FILES = []

$_COOKIE = [
    '_identity' => '46a9bf487865ad9ce9f2d4557f79b502bd2b322e4f493fb6e7575318e8a75fc8a:2:{i:0;s:9:\"_identity\";i:1;s:46:\"[1,\"TR0KrXf4xfjHtqqj6LlBj3lXvYun1yci\",2592000]\";}'
    'advanced-backend' => 'k8o8bfegf0jk8i0kh935grp80k'
    '_csrf-backend' => '5a8ddb2e560598c1f8bd56b7d85a73d9c234bfc669867bb227c43755102b4b07a:2:{i:0;s:13:\"_csrf-backend\";i:1;s:32:\"weNWDsrKNTwPpxi0Un3wOQfivVkxJNY6\";}'
]

$_SERVER = [
    'HTTP_HOST' => 'localhost'
    'HTTP_CONNECTION' => 'keep-alive'
    'HTTP_PRAGMA' => 'no-cache'
    'HTTP_CACHE_CONTROL' => 'no-cache'
    'HTTP_SEC_CH_UA' => '\"Not;A=Brand\";v=\"8\", \"Chromium\";v=\"150\", \"Google Chrome\";v=\"150\"'
    'HTTP_SEC_CH_UA_MOBILE' => '?0'
    'HTTP_SEC_CH_UA_PLATFORM' => '\"Windows\"'
    'HTTP_UPGRADE_INSECURE_REQUESTS' => '1'
    'HTTP_USER_AGENT' => 'Mozilla/5.0 (Windows NT 10.0; Win64; x64) AppleWebKit/537.36 (KHTML, like Gecko) Chrome/150.0.0.0 Safari/537.36'
    'HTTP_ACCEPT' => 'text/html,application/xhtml+xml,application/xml;q=0.9,image/avif,image/webp,image/apng,*/*;q=0.8,application/signed-exchange;v=b3;q=0.7'
    'HTTP_SEC_FETCH_SITE' => 'none'
    'HTTP_SEC_FETCH_MODE' => 'navigate'
    'HTTP_SEC_FETCH_USER' => '?1'
    'HTTP_SEC_FETCH_DEST' => 'document'
    'HTTP_ACCEPT_ENCODING' => 'gzip, deflate, br, zstd'
    'HTTP_ACCEPT_LANGUAGE' => 'en-US,en;q=0.9,bn;q=0.8'
    'HTTP_COOKIE' => '_identity=46a9bf487865ad9ce9f2d4557f79b502bd2b322e4f493fb6e7575318e8a75fc8a%3A2%3A%7Bi%3A0%3Bs%3A9%3A%22_identity%22%3Bi%3A1%3Bs%3A46%3A%22%5B1%2C%22TR0KrXf4xfjHtqqj6LlBj3lXvYun1yci%22%2C2592000%5D%22%3B%7D; advanced-backend=k8o8bfegf0jk8i0kh935grp80k; _csrf-backend=5a8ddb2e560598c1f8bd56b7d85a73d9c234bfc669867bb227c43755102b4b07a%3A2%3A%7Bi%3A0%3Bs%3A13%3A%22_csrf-backend%22%3Bi%3A1%3Bs%3A32%3A%22weNWDsrKNTwPpxi0Un3wOQfivVkxJNY6%22%3B%7D'
    'PATH' => 'C:\\Windows\\system32;C:\\Windows;C:\\Windows\\System32\\Wbem;C:\\Windows\\System32\\WindowsPowerShell\\v1.0\\;C:\\Windows\\System32\\OpenSSH\\;C:\\Program Files\\nodejs\\;C:\\Program Files\\Git\\cmd;C:\\Program Files (x86)\\Windows Kits\\10\\Windows Performance Toolkit\\;C:\\Program Files\\dotnet\\;C:\\xampp\\php;C:\\ProgramData\\ComposerSetup\\bin;C:\\Users\\Joni\\AppData\\Local\\Programs\\Python\\Launcher\\;C:\\Users\\Joni\\AppData\\Local\\Microsoft\\WindowsApps;C:\\Users\\Joni\\AppData\\Local\\Programs\\Microsoft VS Code\\bin;C:\\Users\\Joni\\AppData\\Roaming\\npm;C:\\Program Files (x86)\\MongoDB Atlas CLI\\;C:\\Users\\Joni\\AppData\\Local\\GitHubDesktop\\bin;C:\\Users\\Joni\\AppData\\Local\\Programs\\cursor\\resources\\app\\bin;C:\\Users\\Joni\\AppData\\Roaming\\Composer\\vendor\\bin'
    'SystemRoot' => 'C:\\Windows'
    'COMSPEC' => 'C:\\Windows\\system32\\cmd.exe'
    'PATHEXT' => '.COM;.EXE;.BAT;.CMD;.VBS;.VBE;.JS;.JSE;.WSF;.WSH;.MSC'
    'WINDIR' => 'C:\\Windows'
    'SERVER_SIGNATURE' => ''
    'SERVER_SOFTWARE' => 'Apache/2.4.66 (Win64) OpenSSL/3.0.18 PHP/8.3.30'
    'SERVER_NAME' => 'localhost'
    'SERVER_ADDR' => '::1'
    'SERVER_PORT' => '80'
    'REMOTE_ADDR' => '::1'
    'DOCUMENT_ROOT' => 'C:/laragon/www'
    'REQUEST_SCHEME' => 'http'
    'CONTEXT_PREFIX' => ''
    'CONTEXT_DOCUMENT_ROOT' => 'C:/laragon/www'
    'SERVER_ADMIN' => 'you@example.com'
    'SCRIPT_FILENAME' => 'C:/laragon/www/project/coaching-saas/api/web/index.php'
    'REMOTE_PORT' => '51652'
    'GATEWAY_INTERFACE' => 'CGI/1.1'
    'SERVER_PROTOCOL' => 'HTTP/1.1'
    'REQUEST_METHOD' => 'GET'
    'QUERY_STRING' => 'r=site/index'
    'REQUEST_URI' => '/project/coaching-saas/api/web/index.php?r=site/index'
    'SCRIPT_NAME' => '/project/coaching-saas/api/web/index.php'
    'PHP_SELF' => '/project/coaching-saas/api/web/index.php'
    'REQUEST_TIME_FLOAT' => 1783887015.0014
    'REQUEST_TIME' => 1783887015
]
2026-07-12 20:12:05 [::1][-][-][error][yii\web\HttpException:404] yii\web\NotFoundHttpException: Page not found. in C:\laragon\www\project\coaching-saas\vendor\yiisoft\yii2\web\Request.php:329
Stack trace:
#0 C:\laragon\www\project\coaching-saas\vendor\yiisoft\yii2\web\Application.php(84): yii\web\Request->resolve()
#1 C:\laragon\www\project\coaching-saas\vendor\yiisoft\yii2\base\Application.php(382): yii\web\Application->handleRequest(Object(yii\web\Request))
#2 C:\laragon\www\project\coaching-saas\api\web\index.php(18): yii\base\Application->run()
#3 {main}
2026-07-12 20:12:05 [::1][-][-][info][application] $_GET = [
    'r' => 'site/index'
]

$_POST = []

$_FILES = []

$_COOKIE = [
    '_identity' => '46a9bf487865ad9ce9f2d4557f79b502bd2b322e4f493fb6e7575318e8a75fc8a:2:{i:0;s:9:\"_identity\";i:1;s:46:\"[1,\"TR0KrXf4xfjHtqqj6LlBj3lXvYun1yci\",2592000]\";}'
    'advanced-backend' => 'k8o8bfegf0jk8i0kh935grp80k'
    '_csrf-backend' => '5a8ddb2e560598c1f8bd56b7d85a73d9c234bfc669867bb227c43755102b4b07a:2:{i:0;s:13:\"_csrf-backend\";i:1;s:32:\"weNWDsrKNTwPpxi0Un3wOQfivVkxJNY6\";}'
]

$_SERVER = [
    'HTTP_HOST' => 'localhost'
    'HTTP_CONNECTION' => 'keep-alive'
    'HTTP_PRAGMA' => 'no-cache'
    'HTTP_CACHE_CONTROL' => 'no-cache'
    'HTTP_SEC_CH_UA' => '\"Not;A=Brand\";v=\"8\", \"Chromium\";v=\"150\", \"Google Chrome\";v=\"150\"'
    'HTTP_SEC_CH_UA_MOBILE' => '?0'
    'HTTP_SEC_CH_UA_PLATFORM' => '\"Windows\"'
    'HTTP_UPGRADE_INSECURE_REQUESTS' => '1'
    'HTTP_USER_AGENT' => 'Mozilla/5.0 (Windows NT 10.0; Win64; x64) AppleWebKit/537.36 (KHTML, like Gecko) Chrome/150.0.0.0 Safari/537.36'
    'HTTP_ACCEPT' => 'text/html,application/xhtml+xml,application/xml;q=0.9,image/avif,image/webp,image/apng,*/*;q=0.8,application/signed-exchange;v=b3;q=0.7'
    'HTTP_SEC_FETCH_SITE' => 'none'
    'HTTP_SEC_FETCH_MODE' => 'navigate'
    'HTTP_SEC_FETCH_USER' => '?1'
    'HTTP_SEC_FETCH_DEST' => 'document'
    'HTTP_ACCEPT_ENCODING' => 'gzip, deflate, br, zstd'
    'HTTP_ACCEPT_LANGUAGE' => 'en-US,en;q=0.9,bn;q=0.8'
    'HTTP_COOKIE' => '_identity=46a9bf487865ad9ce9f2d4557f79b502bd2b322e4f493fb6e7575318e8a75fc8a%3A2%3A%7Bi%3A0%3Bs%3A9%3A%22_identity%22%3Bi%3A1%3Bs%3A46%3A%22%5B1%2C%22TR0KrXf4xfjHtqqj6LlBj3lXvYun1yci%22%2C2592000%5D%22%3B%7D; advanced-backend=k8o8bfegf0jk8i0kh935grp80k; _csrf-backend=5a8ddb2e560598c1f8bd56b7d85a73d9c234bfc669867bb227c43755102b4b07a%3A2%3A%7Bi%3A0%3Bs%3A13%3A%22_csrf-backend%22%3Bi%3A1%3Bs%3A32%3A%22weNWDsrKNTwPpxi0Un3wOQfivVkxJNY6%22%3B%7D'
    'PATH' => 'C:\\Windows\\system32;C:\\Windows;C:\\Windows\\System32\\Wbem;C:\\Windows\\System32\\WindowsPowerShell\\v1.0\\;C:\\Windows\\System32\\OpenSSH\\;C:\\Program Files\\nodejs\\;C:\\Program Files\\Git\\cmd;C:\\Program Files (x86)\\Windows Kits\\10\\Windows Performance Toolkit\\;C:\\Program Files\\dotnet\\;C:\\xampp\\php;C:\\ProgramData\\ComposerSetup\\bin;C:\\Users\\Joni\\AppData\\Local\\Programs\\Python\\Launcher\\;C:\\Users\\Joni\\AppData\\Local\\Microsoft\\WindowsApps;C:\\Users\\Joni\\AppData\\Local\\Programs\\Microsoft VS Code\\bin;C:\\Users\\Joni\\AppData\\Roaming\\npm;C:\\Program Files (x86)\\MongoDB Atlas CLI\\;C:\\Users\\Joni\\AppData\\Local\\GitHubDesktop\\bin;C:\\Users\\Joni\\AppData\\Local\\Programs\\cursor\\resources\\app\\bin;C:\\Users\\Joni\\AppData\\Roaming\\Composer\\vendor\\bin'
    'SystemRoot' => 'C:\\Windows'
    'COMSPEC' => 'C:\\Windows\\system32\\cmd.exe'
    'PATHEXT' => '.COM;.EXE;.BAT;.CMD;.VBS;.VBE;.JS;.JSE;.WSF;.WSH;.MSC'
    'WINDIR' => 'C:\\Windows'
    'SERVER_SIGNATURE' => ''
    'SERVER_SOFTWARE' => 'Apache/2.4.66 (Win64) OpenSSL/3.0.18 PHP/8.3.30'
    'SERVER_NAME' => 'localhost'
    'SERVER_ADDR' => '::1'
    'SERVER_PORT' => '80'
    'REMOTE_ADDR' => '::1'
    'DOCUMENT_ROOT' => 'C:/laragon/www'
    'REQUEST_SCHEME' => 'http'
    'CONTEXT_PREFIX' => ''
    'CONTEXT_DOCUMENT_ROOT' => 'C:/laragon/www'
    'SERVER_ADMIN' => 'you@example.com'
    'SCRIPT_FILENAME' => 'C:/laragon/www/project/coaching-saas/api/web/index.php'
    'REMOTE_PORT' => '51695'
    'GATEWAY_INTERFACE' => 'CGI/1.1'
    'SERVER_PROTOCOL' => 'HTTP/1.1'
    'REQUEST_METHOD' => 'GET'
    'QUERY_STRING' => 'r=site/index'
    'REQUEST_URI' => '/project/coaching-saas/api/web/index.php?r=site/index'
    'SCRIPT_NAME' => '/project/coaching-saas/api/web/index.php'
    'PHP_SELF' => '/project/coaching-saas/api/web/index.php'
    'REQUEST_TIME_FLOAT' => 1783887125.5576
    'REQUEST_TIME' => 1783887125
]
2026-07-12 20:14:54 [::1][-][-][error][yii\web\HttpException:404] yii\web\NotFoundHttpException: Page not found. in C:\laragon\www\project\coaching-saas\vendor\yiisoft\yii2\web\Request.php:329
Stack trace:
#0 C:\laragon\www\project\coaching-saas\vendor\yiisoft\yii2\web\Application.php(84): yii\web\Request->resolve()
#1 C:\laragon\www\project\coaching-saas\vendor\yiisoft\yii2\base\Application.php(382): yii\web\Application->handleRequest(Object(yii\web\Request))
#2 C:\laragon\www\project\coaching-saas\api\web\index.php(18): yii\base\Application->run()
#3 {main}
2026-07-12 20:14:54 [::1][-][-][info][application] $_GET = [
    'r' => 'site/index'
]

$_POST = []

$_FILES = []

$_COOKIE = [
    '_identity' => '46a9bf487865ad9ce9f2d4557f79b502bd2b322e4f493fb6e7575318e8a75fc8a:2:{i:0;s:9:\"_identity\";i:1;s:46:\"[1,\"TR0KrXf4xfjHtqqj6LlBj3lXvYun1yci\",2592000]\";}'
    'advanced-backend' => 'k8o8bfegf0jk8i0kh935grp80k'
    '_csrf-backend' => '5a8ddb2e560598c1f8bd56b7d85a73d9c234bfc669867bb227c43755102b4b07a:2:{i:0;s:13:\"_csrf-backend\";i:1;s:32:\"weNWDsrKNTwPpxi0Un3wOQfivVkxJNY6\";}'
]

$_SERVER = [
    'HTTP_HOST' => 'localhost'
    'HTTP_CONNECTION' => 'keep-alive'
    'HTTP_PRAGMA' => 'no-cache'
    'HTTP_CACHE_CONTROL' => 'no-cache'
    'HTTP_SEC_CH_UA' => '\"Not;A=Brand\";v=\"8\", \"Chromium\";v=\"150\", \"Google Chrome\";v=\"150\"'
    'HTTP_SEC_CH_UA_MOBILE' => '?0'
    'HTTP_SEC_CH_UA_PLATFORM' => '\"Windows\"'
    'HTTP_UPGRADE_INSECURE_REQUESTS' => '1'
    'HTTP_USER_AGENT' => 'Mozilla/5.0 (Windows NT 10.0; Win64; x64) AppleWebKit/537.36 (KHTML, like Gecko) Chrome/150.0.0.0 Safari/537.36'
    'HTTP_ACCEPT' => 'text/html,application/xhtml+xml,application/xml;q=0.9,image/avif,image/webp,image/apng,*/*;q=0.8,application/signed-exchange;v=b3;q=0.7'
    'HTTP_SEC_FETCH_SITE' => 'none'
    'HTTP_SEC_FETCH_MODE' => 'navigate'
    'HTTP_SEC_FETCH_USER' => '?1'
    'HTTP_SEC_FETCH_DEST' => 'document'
    'HTTP_ACCEPT_ENCODING' => 'gzip, deflate, br, zstd'
    'HTTP_ACCEPT_LANGUAGE' => 'en-US,en;q=0.9,bn;q=0.8'
    'HTTP_COOKIE' => '_identity=46a9bf487865ad9ce9f2d4557f79b502bd2b322e4f493fb6e7575318e8a75fc8a%3A2%3A%7Bi%3A0%3Bs%3A9%3A%22_identity%22%3Bi%3A1%3Bs%3A46%3A%22%5B1%2C%22TR0KrXf4xfjHtqqj6LlBj3lXvYun1yci%22%2C2592000%5D%22%3B%7D; advanced-backend=k8o8bfegf0jk8i0kh935grp80k; _csrf-backend=5a8ddb2e560598c1f8bd56b7d85a73d9c234bfc669867bb227c43755102b4b07a%3A2%3A%7Bi%3A0%3Bs%3A13%3A%22_csrf-backend%22%3Bi%3A1%3Bs%3A32%3A%22weNWDsrKNTwPpxi0Un3wOQfivVkxJNY6%22%3B%7D'
    'PATH' => 'C:\\Windows\\system32;C:\\Windows;C:\\Windows\\System32\\Wbem;C:\\Windows\\System32\\WindowsPowerShell\\v1.0\\;C:\\Windows\\System32\\OpenSSH\\;C:\\Program Files\\nodejs\\;C:\\Program Files\\Git\\cmd;C:\\Program Files (x86)\\Windows Kits\\10\\Windows Performance Toolkit\\;C:\\Program Files\\dotnet\\;C:\\xampp\\php;C:\\ProgramData\\ComposerSetup\\bin;C:\\Users\\Joni\\AppData\\Local\\Programs\\Python\\Launcher\\;C:\\Users\\Joni\\AppData\\Local\\Microsoft\\WindowsApps;C:\\Users\\Joni\\AppData\\Local\\Programs\\Microsoft VS Code\\bin;C:\\Users\\Joni\\AppData\\Roaming\\npm;C:\\Program Files (x86)\\MongoDB Atlas CLI\\;C:\\Users\\Joni\\AppData\\Local\\GitHubDesktop\\bin;C:\\Users\\Joni\\AppData\\Local\\Programs\\cursor\\resources\\app\\bin;C:\\Users\\Joni\\AppData\\Roaming\\Composer\\vendor\\bin'
    'SystemRoot' => 'C:\\Windows'
    'COMSPEC' => 'C:\\Windows\\system32\\cmd.exe'
    'PATHEXT' => '.COM;.EXE;.BAT;.CMD;.VBS;.VBE;.JS;.JSE;.WSF;.WSH;.MSC'
    'WINDIR' => 'C:\\Windows'
    'SERVER_SIGNATURE' => ''
    'SERVER_SOFTWARE' => 'Apache/2.4.66 (Win64) OpenSSL/3.0.18 PHP/8.3.30'
    'SERVER_NAME' => 'localhost'
    'SERVER_ADDR' => '::1'
    'SERVER_PORT' => '80'
    'REMOTE_ADDR' => '::1'
    'DOCUMENT_ROOT' => 'C:/laragon/www'
    'REQUEST_SCHEME' => 'http'
    'CONTEXT_PREFIX' => ''
    'CONTEXT_DOCUMENT_ROOT' => 'C:/laragon/www'
    'SERVER_ADMIN' => 'you@example.com'
    'SCRIPT_FILENAME' => 'C:/laragon/www/project/coaching-saas/api/web/index.php'
    'REMOTE_PORT' => '51744'
    'GATEWAY_INTERFACE' => 'CGI/1.1'
    'SERVER_PROTOCOL' => 'HTTP/1.1'
    'REQUEST_METHOD' => 'GET'
    'QUERY_STRING' => 'r=site/index'
    'REQUEST_URI' => '/project/coaching-saas/api/web/index.php?r=site/index'
    'SCRIPT_NAME' => '/project/coaching-saas/api/web/index.php'
    'PHP_SELF' => '/project/coaching-saas/api/web/index.php'
    'REQUEST_TIME_FLOAT' => 1783887294.0646
    'REQUEST_TIME' => 1783887294
]
2026-07-12 20:15:27 [::1][-][-][error][yii\web\HttpException:404] yii\web\NotFoundHttpException: Page not found. in C:\laragon\www\project\coaching-saas\vendor\yiisoft\yii2\web\Request.php:329
Stack trace:
#0 C:\laragon\www\project\coaching-saas\vendor\yiisoft\yii2\web\Application.php(84): yii\web\Request->resolve()
#1 C:\laragon\www\project\coaching-saas\vendor\yiisoft\yii2\base\Application.php(382): yii\web\Application->handleRequest(Object(yii\web\Request))
#2 C:\laragon\www\project\coaching-saas\api\web\index.php(18): yii\base\Application->run()
#3 {main}
2026-07-12 20:15:27 [::1][-][-][info][application] $_GET = [
    'r' => 'site/index'
]

$_POST = []

$_FILES = []

$_COOKIE = [
    '_identity' => '46a9bf487865ad9ce9f2d4557f79b502bd2b322e4f493fb6e7575318e8a75fc8a:2:{i:0;s:9:\"_identity\";i:1;s:46:\"[1,\"TR0KrXf4xfjHtqqj6LlBj3lXvYun1yci\",2592000]\";}'
    'advanced-backend' => 'k8o8bfegf0jk8i0kh935grp80k'
    '_csrf-backend' => '5a8ddb2e560598c1f8bd56b7d85a73d9c234bfc669867bb227c43755102b4b07a:2:{i:0;s:13:\"_csrf-backend\";i:1;s:32:\"weNWDsrKNTwPpxi0Un3wOQfivVkxJNY6\";}'
]

$_SERVER = [
    'HTTP_HOST' => 'localhost'
    'HTTP_CONNECTION' => 'keep-alive'
    'HTTP_SEC_CH_UA' => '\"Not;A=Brand\";v=\"8\", \"Chromium\";v=\"150\", \"Google Chrome\";v=\"150\"'
    'HTTP_SEC_CH_UA_MOBILE' => '?0'
    'HTTP_SEC_CH_UA_PLATFORM' => '\"Windows\"'
    'HTTP_UPGRADE_INSECURE_REQUESTS' => '1'
    'HTTP_USER_AGENT' => 'Mozilla/5.0 (Windows NT 10.0; Win64; x64) AppleWebKit/537.36 (KHTML, like Gecko) Chrome/150.0.0.0 Safari/537.36'
    'HTTP_ACCEPT' => 'text/html,application/xhtml+xml,application/xml;q=0.9,image/avif,image/webp,image/apng,*/*;q=0.8,application/signed-exchange;v=b3;q=0.7'
    'HTTP_SEC_FETCH_SITE' => 'none'
    'HTTP_SEC_FETCH_MODE' => 'navigate'
    'HTTP_SEC_FETCH_USER' => '?1'
    'HTTP_SEC_FETCH_DEST' => 'document'
    'HTTP_ACCEPT_ENCODING' => 'gzip, deflate, br, zstd'
    'HTTP_ACCEPT_LANGUAGE' => 'en-US,en;q=0.9,bn;q=0.8'
    'HTTP_COOKIE' => '_identity=46a9bf487865ad9ce9f2d4557f79b502bd2b322e4f493fb6e7575318e8a75fc8a%3A2%3A%7Bi%3A0%3Bs%3A9%3A%22_identity%22%3Bi%3A1%3Bs%3A46%3A%22%5B1%2C%22TR0KrXf4xfjHtqqj6LlBj3lXvYun1yci%22%2C2592000%5D%22%3B%7D; advanced-backend=k8o8bfegf0jk8i0kh935grp80k; _csrf-backend=5a8ddb2e560598c1f8bd56b7d85a73d9c234bfc669867bb227c43755102b4b07a%3A2%3A%7Bi%3A0%3Bs%3A13%3A%22_csrf-backend%22%3Bi%3A1%3Bs%3A32%3A%22weNWDsrKNTwPpxi0Un3wOQfivVkxJNY6%22%3B%7D'
    'PATH' => 'C:\\Windows\\system32;C:\\Windows;C:\\Windows\\System32\\Wbem;C:\\Windows\\System32\\WindowsPowerShell\\v1.0\\;C:\\Windows\\System32\\OpenSSH\\;C:\\Program Files\\nodejs\\;C:\\Program Files\\Git\\cmd;C:\\Program Files (x86)\\Windows Kits\\10\\Windows Performance Toolkit\\;C:\\Program Files\\dotnet\\;C:\\xampp\\php;C:\\ProgramData\\ComposerSetup\\bin;C:\\Users\\Joni\\AppData\\Local\\Programs\\Python\\Launcher\\;C:\\Users\\Joni\\AppData\\Local\\Microsoft\\WindowsApps;C:\\Users\\Joni\\AppData\\Local\\Programs\\Microsoft VS Code\\bin;C:\\Users\\Joni\\AppData\\Roaming\\npm;C:\\Program Files (x86)\\MongoDB Atlas CLI\\;C:\\Users\\Joni\\AppData\\Local\\GitHubDesktop\\bin;C:\\Users\\Joni\\AppData\\Local\\Programs\\cursor\\resources\\app\\bin;C:\\Users\\Joni\\AppData\\Roaming\\Composer\\vendor\\bin'
    'SystemRoot' => 'C:\\Windows'
    'COMSPEC' => 'C:\\Windows\\system32\\cmd.exe'
    'PATHEXT' => '.COM;.EXE;.BAT;.CMD;.VBS;.VBE;.JS;.JSE;.WSF;.WSH;.MSC'
    'WINDIR' => 'C:\\Windows'
    'SERVER_SIGNATURE' => ''
    'SERVER_SOFTWARE' => 'Apache/2.4.66 (Win64) OpenSSL/3.0.18 PHP/8.3.30'
    'SERVER_NAME' => 'localhost'
    'SERVER_ADDR' => '::1'
    'SERVER_PORT' => '80'
    'REMOTE_ADDR' => '::1'
    'DOCUMENT_ROOT' => 'C:/laragon/www'
    'REQUEST_SCHEME' => 'http'
    'CONTEXT_PREFIX' => ''
    'CONTEXT_DOCUMENT_ROOT' => 'C:/laragon/www'
    'SERVER_ADMIN' => 'you@example.com'
    'SCRIPT_FILENAME' => 'C:/laragon/www/project/coaching-saas/api/web/index.php'
    'REMOTE_PORT' => '51763'
    'GATEWAY_INTERFACE' => 'CGI/1.1'
    'SERVER_PROTOCOL' => 'HTTP/1.1'
    'REQUEST_METHOD' => 'GET'
    'QUERY_STRING' => 'r=site/index'
    'REQUEST_URI' => '/project/coaching-saas/api/web/index.php?r=site/index'
    'SCRIPT_NAME' => '/project/coaching-saas/api/web/index.php'
    'PHP_SELF' => '/project/coaching-saas/api/web/index.php'
    'REQUEST_TIME_FLOAT' => 1783887327.799
    'REQUEST_TIME' => 1783887327
]
